<?xml version="1.0" encoding="UTF-8"?>
<testng-results ignored="0" total="2" passed="2" failed="0" skipped="0">
  <reporter-output>
  </reporter-output>
  <suite started-at="2022-01-11T03:57:17 CST" name="Default suite" finished-at="2022-01-11T03:58:23 CST" duration-ms="66081">
    <groups>
    </groups>
    <test started-at="2022-01-11T03:57:17 CST" name="Default test" finished-at="2022-01-11T03:58:23 CST" duration-ms="66081">
      <class name="RediffTestCases.RediffLogInProp">
        <test-method signature="login()[pri:0, instance:RediffTestCases.RediffLogInProp@6631f5ca]" started-at="2022-01-11T03:57:17 CST" name="login" finished-at="2022-01-11T03:57:46 CST" duration-ms="28999" status="PASS">
          <reporter-output>
          </reporter-output>
        </test-method> <!-- login -->
        <test-method signature="login1()[pri:0, instance:RediffTestCases.RediffLogInProp@6631f5ca]" started-at="2022-01-11T03:57:46 CST" name="login1" finished-at="2022-01-11T03:58:23 CST" duration-ms="36985" status="PASS">
          <reporter-output>
          </reporter-output>
        </test-method> <!-- login1 -->
      </class> <!-- RediffTestCases.RediffLogInProp -->
    </test> <!-- Default test -->
  </suite> <!-- Default suite -->
</testng-results>
